<?xml version="1.0" encoding="UTF-8"?>
<testng-results ignored="0" total="1" passed="1" failed="0" skipped="0">
  <reporter-output>
  </reporter-output>
  <suite started-at="2024-09-21T11:49:17 IST" name="Surefire suite" finished-at="2024-09-21T11:49:17 IST" duration-ms="94">
    <groups>
    </groups>
    <test started-at="2024-09-21T11:49:17 IST" name="Surefire test" finished-at="2024-09-21T11:49:17 IST" duration-ms="94">
      <class name="com.flavient.AppTest">
        <test-method signature="shouldAnswerWithTrue()[pri:0, instance:com.flavient.AppTest@345965f2]" started-at="2024-09-21T11:49:17 IST" name="shouldAnswerWithTrue" finished-at="2024-09-21T11:49:17 IST" duration-ms="10" status="PASS">
          <reporter-output>
          </reporter-output>
        </test-method> <!-- shouldAnswerWithTrue -->
      </class> <!-- com.flavient.AppTest -->
    </test> <!-- Surefire test -->
  </suite> <!-- Surefire suite -->
</testng-results>
